mode: set
github.com/bertoxic/bert/internal/render/render.go:20.39,22.2 1 1
github.com/bertoxic/bert/internal/render/render.go:23.84,29.2 5 1
github.com/bertoxic/bert/internal/render/render.go:30.105,40.19 2 1
github.com/bertoxic/bert/internal/render/render.go:46.2,47.9 2 1
github.com/bertoxic/bert/internal/render/render.go:51.2,55.16 5 1
github.com/bertoxic/bert/internal/render/render.go:58.2,58.12 1 1
github.com/bertoxic/bert/internal/render/render.go:40.19,42.3 1 0
github.com/bertoxic/bert/internal/render/render.go:42.8,44.3 1 1
github.com/bertoxic/bert/internal/render/render.go:47.9,50.3 1 1
github.com/bertoxic/bert/internal/render/render.go:55.16,57.3 1 0
github.com/bertoxic/bert/internal/render/render.go:61.67,66.16 3 1
github.com/bertoxic/bert/internal/render/render.go:70.2,70.29 1 1
github.com/bertoxic/bert/internal/render/render.go:92.2,92.22 1 1
github.com/bertoxic/bert/internal/render/render.go:66.16,69.3 1 0
github.com/bertoxic/bert/internal/render/render.go:70.29,73.17 3 1
github.com/bertoxic/bert/internal/render/render.go:76.3,78.17 2 1
github.com/bertoxic/bert/internal/render/render.go:82.3,82.23 1 1
github.com/bertoxic/bert/internal/render/render.go:90.3,90.22 1 1
github.com/bertoxic/bert/internal/render/render.go:73.17,75.4 1 0
github.com/bertoxic/bert/internal/render/render.go:78.17,80.4 1 0
github.com/bertoxic/bert/internal/render/render.go:82.23,84.18 2 1
github.com/bertoxic/bert/internal/render/render.go:87.4,87.17 1 1
github.com/bertoxic/bert/internal/render/render.go:84.18,86.5 1 0
