mode: set
github.com/bertoxic/bert/internal/handlers/handlers.go:32.63,37.2 1 0
github.com/bertoxic/bert/internal/handlers/handlers.go:39.51,44.2 1 1
github.com/bertoxic/bert/internal/handlers/handlers.go:46.33,48.2 1 1
github.com/bertoxic/bert/internal/handlers/handlers.go:50.67,55.2 3 1
github.com/bertoxic/bert/internal/handlers/handlers.go:56.68,64.2 4 1
github.com/bertoxic/bert/internal/handlers/handlers.go:65.70,72.2 3 1
github.com/bertoxic/bert/internal/handlers/handlers.go:73.70,75.2 1 1
github.com/bertoxic/bert/internal/handlers/handlers.go:76.69,79.2 1 1
github.com/bertoxic/bert/internal/handlers/handlers.go:80.75,83.2 1 1
github.com/bertoxic/bert/internal/handlers/handlers.go:86.79,89.16 2 1
github.com/bertoxic/bert/internal/handlers/handlers.go:95.2,99.16 5 1
github.com/bertoxic/bert/internal/handlers/handlers.go:104.2,105.16 2 1
github.com/bertoxic/bert/internal/handlers/handlers.go:110.2,111.16 2 1
github.com/bertoxic/bert/internal/handlers/handlers.go:116.2,117.21 2 1
github.com/bertoxic/bert/internal/handlers/handlers.go:122.2,135.26 6 1
github.com/bertoxic/bert/internal/handlers/handlers.go:89.16,93.3 3 1
github.com/bertoxic/bert/internal/handlers/handlers.go:99.16,103.3 3 1
github.com/bertoxic/bert/internal/handlers/handlers.go:105.16,109.3 3 1
github.com/bertoxic/bert/internal/handlers/handlers.go:111.16,115.3 3 1
github.com/bertoxic/bert/internal/handlers/handlers.go:117.21,121.3 3 1
github.com/bertoxic/bert/internal/handlers/handlers.go:135.26,137.3 1 1
github.com/bertoxic/bert/internal/handlers/handlers.go:149.79,151.16 2 1
github.com/bertoxic/bert/internal/handlers/handlers.go:162.2,172.16 8 1
github.com/bertoxic/bert/internal/handlers/handlers.go:183.2,194.14 4 1
github.com/bertoxic/bert/internal/handlers/handlers.go:151.16,160.3 5 1
github.com/bertoxic/bert/internal/handlers/handlers.go:172.16,181.3 5 1
github.com/bertoxic/bert/internal/handlers/handlers.go:199.74,201.9 2 1
github.com/bertoxic/bert/internal/handlers/handlers.go:207.2,208.16 2 1
github.com/bertoxic/bert/internal/handlers/handlers.go:214.2,232.4 10 1
github.com/bertoxic/bert/internal/handlers/handlers.go:201.9,205.3 3 1
github.com/bertoxic/bert/internal/handlers/handlers.go:208.16,212.3 3 1
github.com/bertoxic/bert/internal/handlers/handlers.go:235.78,243.16 2 1
github.com/bertoxic/bert/internal/handlers/handlers.go:248.2,254.16 5 1
github.com/bertoxic/bert/internal/handlers/handlers.go:259.2,260.16 2 1
github.com/bertoxic/bert/internal/handlers/handlers.go:265.2,266.16 2 1
github.com/bertoxic/bert/internal/handlers/handlers.go:276.2,291.19 5 1
github.com/bertoxic/bert/internal/handlers/handlers.go:303.2,304.16 2 1
github.com/bertoxic/bert/internal/handlers/handlers.go:310.2,319.16 3 1
github.com/bertoxic/bert/internal/handlers/handlers.go:325.2,347.66 7 1
github.com/bertoxic/bert/internal/handlers/handlers.go:243.16,247.3 3 1
github.com/bertoxic/bert/internal/handlers/handlers.go:254.16,258.3 3 1
github.com/bertoxic/bert/internal/handlers/handlers.go:260.16,264.3 3 1
github.com/bertoxic/bert/internal/handlers/handlers.go:266.16,270.3 3 1
github.com/bertoxic/bert/internal/handlers/handlers.go:291.19,301.3 5 1
github.com/bertoxic/bert/internal/handlers/handlers.go:304.16,308.3 3 1
github.com/bertoxic/bert/internal/handlers/handlers.go:319.16,323.3 3 1
github.com/bertoxic/bert/internal/handlers/handlers.go:351.81,353.9 2 1
github.com/bertoxic/bert/internal/handlers/handlers.go:359.2,369.4 8 1
github.com/bertoxic/bert/internal/handlers/handlers.go:353.9,358.3 4 1
github.com/bertoxic/bert/internal/handlers/handlers.go:372.73,376.16 3 1
github.com/bertoxic/bert/internal/handlers/handlers.go:382.2,383.9 2 1
github.com/bertoxic/bert/internal/handlers/handlers.go:388.2,391.63 3 1
github.com/bertoxic/bert/internal/handlers/handlers.go:376.16,380.3 3 1
github.com/bertoxic/bert/internal/handlers/handlers.go:383.9,387.3 3 1
github.com/bertoxic/bert/internal/handlers/handlers.go:395.71,407.16 9 1
github.com/bertoxic/bert/internal/handlers/handlers.go:413.2,420.63 6 1
github.com/bertoxic/bert/internal/handlers/handlers.go:407.16,411.3 3 1
github.com/bertoxic/bert/internal/handlers/handlers.go:423.72,427.2 1 1
github.com/bertoxic/bert/internal/handlers/handlers.go:429.76,434.16 4 0
github.com/bertoxic/bert/internal/handlers/handlers.go:437.2,442.20 5 0
github.com/bertoxic/bert/internal/handlers/handlers.go:448.2,449.16 2 0
github.com/bertoxic/bert/internal/handlers/handlers.go:455.2,457.47 3 0
github.com/bertoxic/bert/internal/handlers/handlers.go:434.16,436.3 1 0
github.com/bertoxic/bert/internal/handlers/handlers.go:442.20,447.3 2 0
github.com/bertoxic/bert/internal/handlers/handlers.go:449.16,454.3 4 0
github.com/bertoxic/bert/internal/handlers/handlers.go:462.69,467.2 3 1
github.com/bertoxic/bert/internal/handlers/handlers.go:470.77,472.2 1 1
github.com/bertoxic/bert/internal/handlers/handlers.go:475.83,477.16 2 1
github.com/bertoxic/bert/internal/handlers/handlers.go:481.2,485.4 3 1
github.com/bertoxic/bert/internal/handlers/handlers.go:477.16,480.3 2 0
github.com/bertoxic/bert/internal/handlers/handlers.go:490.83,492.16 2 1
github.com/bertoxic/bert/internal/handlers/handlers.go:496.2,500.4 3 1
github.com/bertoxic/bert/internal/handlers/handlers.go:492.16,495.2 2 0
github.com/bertoxic/bert/internal/handlers/handlers.go:504.83,507.16 3 1
github.com/bertoxic/bert/internal/handlers/handlers.go:511.2,514.16 3 1
github.com/bertoxic/bert/internal/handlers/handlers.go:519.2,533.4 9 1
github.com/bertoxic/bert/internal/handlers/handlers.go:507.16,510.3 2 0
github.com/bertoxic/bert/internal/handlers/handlers.go:514.16,517.3 2 0
github.com/bertoxic/bert/internal/handlers/handlers.go:536.85,538.16 2 0
github.com/bertoxic/bert/internal/handlers/handlers.go:543.2,546.16 4 0
github.com/bertoxic/bert/internal/handlers/handlers.go:550.2,559.16 8 0
github.com/bertoxic/bert/internal/handlers/handlers.go:563.2,564.16 2 0
github.com/bertoxic/bert/internal/handlers/handlers.go:568.3,574.16 4 0
github.com/bertoxic/bert/internal/handlers/handlers.go:538.16,542.3 3 0
github.com/bertoxic/bert/internal/handlers/handlers.go:546.16,549.3 2 0
github.com/bertoxic/bert/internal/handlers/handlers.go:559.16,562.3 2 0
github.com/bertoxic/bert/internal/handlers/handlers.go:564.16,567.3 2 0
github.com/bertoxic/bert/internal/handlers/handlers.go:574.16,577.3 1 0
github.com/bertoxic/bert/internal/handlers/handlers.go:577.8,580.3 1 0
github.com/bertoxic/bert/internal/handlers/handlers.go:584.87,588.34 2 1
github.com/bertoxic/bert/internal/handlers/handlers.go:593.2,620.16 23 1
github.com/bertoxic/bert/internal/handlers/handlers.go:624.2,625.26 2 1
github.com/bertoxic/bert/internal/handlers/handlers.go:664.2,668.4 1 1
github.com/bertoxic/bert/internal/handlers/handlers.go:588.34,592.3 3 0
github.com/bertoxic/bert/internal/handlers/handlers.go:620.16,623.3 2 0
github.com/bertoxic/bert/internal/handlers/handlers.go:625.26,630.80 3 0
github.com/bertoxic/bert/internal/handlers/handlers.go:636.2,637.17 2 0
github.com/bertoxic/bert/internal/handlers/handlers.go:643.3,643.34 1 0
github.com/bertoxic/bert/internal/handlers/handlers.go:657.3,660.78 3 0
github.com/bertoxic/bert/internal/handlers/handlers.go:630.80,633.4 2 0
github.com/bertoxic/bert/internal/handlers/handlers.go:637.17,640.4 2 0
github.com/bertoxic/bert/internal/handlers/handlers.go:643.34,644.28 1 0
github.com/bertoxic/bert/internal/handlers/handlers.go:644.28,647.80 1 0
github.com/bertoxic/bert/internal/handlers/handlers.go:647.80,650.7 1 0
github.com/bertoxic/bert/internal/handlers/handlers.go:652.10,655.6 1 0
github.com/bertoxic/bert/internal/handlers/handlers.go:672.86,675.16 2 0
github.com/bertoxic/bert/internal/handlers/handlers.go:679.2,683.16 5 0
github.com/bertoxic/bert/internal/handlers/handlers.go:688.2,689.14 2 0
github.com/bertoxic/bert/internal/handlers/handlers.go:675.16,678.3 2 0
github.com/bertoxic/bert/internal/handlers/handlers.go:683.16,686.3 2 0
github.com/bertoxic/bert/internal/handlers/handlers.go:689.14,691.3 1 0
github.com/bertoxic/bert/internal/handlers/handlers.go:691.7,693.3 1 0
github.com/bertoxic/bert/internal/handlers/handlers.go:698.85,701.16 2 0
github.com/bertoxic/bert/internal/handlers/handlers.go:705.2,709.16 5 0
github.com/bertoxic/bert/internal/handlers/handlers.go:713.2,713.14 1 0
github.com/bertoxic/bert/internal/handlers/handlers.go:701.16,704.3 2 0
github.com/bertoxic/bert/internal/handlers/handlers.go:709.16,712.3 2 0
github.com/bertoxic/bert/internal/handlers/handlers.go:713.14,715.3 1 0
github.com/bertoxic/bert/internal/handlers/handlers.go:715.7,717.3 1 0
github.com/bertoxic/bert/internal/handlers/handlers.go:720.90,722.16 2 0
github.com/bertoxic/bert/internal/handlers/handlers.go:726.3,730.16 4 0
github.com/bertoxic/bert/internal/handlers/handlers.go:733.2,734.28 2 0
github.com/bertoxic/bert/internal/handlers/handlers.go:756.1,756.33 1 0
github.com/bertoxic/bert/internal/handlers/handlers.go:772.3,773.106 2 0
github.com/bertoxic/bert/internal/handlers/handlers.go:722.16,725.3 2 0
github.com/bertoxic/bert/internal/handlers/handlers.go:730.16,732.3 2 0
github.com/bertoxic/bert/internal/handlers/handlers.go:734.28,738.35 2 0
github.com/bertoxic/bert/internal/handlers/handlers.go:738.35,740.35 1 0
github.com/bertoxic/bert/internal/handlers/handlers.go:740.35,741.16 1 0
github.com/bertoxic/bert/internal/handlers/handlers.go:741.16,742.68 1 0
github.com/bertoxic/bert/internal/handlers/handlers.go:742.68,744.21 2 0
github.com/bertoxic/bert/internal/handlers/handlers.go:744.21,747.8 2 0
github.com/bertoxic/bert/internal/handlers/handlers.go:756.33,757.41 1 0
github.com/bertoxic/bert/internal/handlers/handlers.go:757.41,763.17 5 0
github.com/bertoxic/bert/internal/handlers/handlers.go:767.3,767.79 1 0
github.com/bertoxic/bert/internal/handlers/handlers.go:763.17,766.4 2 0
